Simulator report for FlappyBird
Sat May 11 17:56:08 2019
Quartus II 64-Bit Version 13.0.0 Build 156 04/24/2013 SJ Full Version


---------------------
; Table of Contents ;
---------------------
  1. Legal Notice
  2. Simulator Summary
  3. Simulator Settings
  4. Simulation Waveforms
  5. Coverage Summary
  6. Complete 1/0-Value Coverage
  7. Missing 1-Value Coverage
  8. Missing 0-Value Coverage
  9. Simulator INI Usage
 10. Simulator Messages



----------------
; Legal Notice ;
----------------
Copyright (C) 1991-2013 Altera Corporation
Your use of Altera Corporation's design tools, logic functions 
and other software and tools, and its AMPP partner logic 
functions, and any output files from any of the foregoing 
(including device programming or simulation files), and any 
associated documentation or information are expressly subject 
to the terms and conditions of the Altera Program License 
Subscription Agreement, Altera MegaCore Function License 
Agreement, or other applicable license agreement, including, 
without limitation, that your use is for the sole purpose of 
programming logic devices manufactured by Altera and sold by 
Altera or its authorized distributors.  Please refer to the 
applicable agreement for further details.



+--------------------------------------------+
; Simulator Summary                          ;
+-----------------------------+--------------+
; Type                        ; Value        ;
+-----------------------------+--------------+
; Simulation Start Time       ; 0 ps         ;
; Simulation End Time         ; 1.0 us       ;
; Simulation Netlist Size     ; 191 nodes    ;
; Simulation Coverage         ;       0.00 % ;
; Total Number of Transitions ; 0            ;
; Simulation Breakpoints      ; 0            ;
; Family                      ; Cyclone III  ;
+-----------------------------+--------------+


+------------------------------------------------------------------------------------------------------------------------------------------------------------+
; Simulator Settings                                                                                                                                         ;
+--------------------------------------------------------------------------------------------+-----------------------------------------------+---------------+
; Option                                                                                     ; Setting                                       ; Default Value ;
+--------------------------------------------------------------------------------------------+-----------------------------------------------+---------------+
; Simulation mode                                                                            ; Functional                                    ; Timing        ;
; Start time                                                                                 ; 0 ns                                          ; 0 ns          ;
; Simulation results format                                                                  ; VWF                                           ;               ;
; Vector input source                                                                        ; D:/cs305_flappybird/output_files/Waveform.vwf ;               ;
; Add pins automatically to simulation output waveforms                                      ; On                                            ; On            ;
; Check outputs                                                                              ; Off                                           ; Off           ;
; Report simulation coverage                                                                 ; On                                            ; On            ;
; Display complete 1/0 value coverage report                                                 ; On                                            ; On            ;
; Display missing 1-value coverage report                                                    ; On                                            ; On            ;
; Display missing 0-value coverage report                                                    ; On                                            ; On            ;
; Detect setup and hold time violations                                                      ; Off                                           ; Off           ;
; Detect glitches                                                                            ; Off                                           ; Off           ;
; Disable timing delays in Timing Simulation                                                 ; Off                                           ; Off           ;
; Generate Signal Activity File                                                              ; Off                                           ; Off           ;
; Generate VCD File for PowerPlay Power Analyzer                                             ; Off                                           ; Off           ;
; Group bus channels in simulation results                                                   ; Off                                           ; Off           ;
; Preserve fewer signal transitions to reduce memory requirements                            ; On                                            ; On            ;
; Trigger vector comparison with the specified mode                                          ; INPUT_EDGE                                    ; INPUT_EDGE    ;
; Disable setup and hold time violations detection in input registers of bi-directional pins ; Off                                           ; Off           ;
; Overwrite Waveform Inputs With Simulation Outputs                                          ; Off                                           ;               ;
; Perform Glitch Filtering in Timing Simulation                                              ; Auto                                          ; Auto          ;
; Interconnect Delay Model Type                                                              ; Transport                                     ; Transport     ;
; Cell Delay Model Type                                                                      ; Transport                                     ; Transport     ;
+--------------------------------------------------------------------------------------------+-----------------------------------------------+---------------+


+----------------------+
; Simulation Waveforms ;
+----------------------+
Waveform report data cannot be output to ASCII.
Please use Quartus II 64-Bit to view the waveform report data.


+--------------------------------------------------------------------+
; Coverage Summary                                                   ;
+-----------------------------------------------------+--------------+
; Type                                                ; Value        ;
+-----------------------------------------------------+--------------+
; Total coverage as a percentage                      ;       0.00 % ;
; Total nodes checked                                 ; 191          ;
; Total output ports checked                          ; 191          ;
; Total output ports with complete 1/0-value coverage ; 0            ;
; Total output ports with no 1/0-value coverage       ; 191          ;
; Total output ports with no 1-value coverage         ; 191          ;
; Total output ports with no 0-value coverage         ; 191          ;
+-----------------------------------------------------+--------------+


The following table displays output ports that toggle between 1 and 0 during simulation.
+-------------------------------------------------+
; Complete 1/0-Value Coverage                     ;
+-----------+------------------+------------------+
; Node Name ; Output Port Name ; Output Port Type ;
+-----------+------------------+------------------+


The following table displays output ports that do not toggle to 1 during simulation.
+--------------------------------------------------------------------------------------+
; Missing 1-Value Coverage                                                             ;
+---------------------------------+---------------------------------+------------------+
; Node Name                       ; Output Port Name                ; Output Port Type ;
+---------------------------------+---------------------------------+------------------+
; |test|h[3]                      ; |test|h[3]                      ; pin_out          ;
; |test|h[2]                      ; |test|h[2]                      ; pin_out          ;
; |test|h[1]                      ; |test|h[1]                      ; pin_out          ;
; |test|h[0]                      ; |test|h[0]                      ; pin_out          ;
; |test|count[9]                  ; |test|count[9]                  ; out              ;
; |test|count[8]                  ; |test|count[8]                  ; out              ;
; |test|count[7]                  ; |test|count[7]                  ; out              ;
; |test|count[6]                  ; |test|count[6]                  ; out              ;
; |test|count[5]                  ; |test|count[5]                  ; out              ;
; |test|count[4]                  ; |test|count[4]                  ; out              ;
; |test|count[3]                  ; |test|count[3]                  ; out              ;
; |test|count[2]                  ; |test|count[2]                  ; out              ;
; |test|count[1]                  ; |test|count[1]                  ; out              ;
; |test|count[0]                  ; |test|count[0]                  ; out              ;
; |test|o[3]                      ; |test|o[3]                      ; pin_out          ;
; |test|o[2]                      ; |test|o[2]                      ; pin_out          ;
; |test|o[1]                      ; |test|o[1]                      ; pin_out          ;
; |test|o[0]                      ; |test|o[0]                      ; pin_out          ;
; |test|t[3]                      ; |test|t[3]                      ; pin_out          ;
; |test|t[2]                      ; |test|t[2]                      ; pin_out          ;
; |test|t[1]                      ; |test|t[1]                      ; pin_out          ;
; |test|t[0]                      ; |test|t[0]                      ; pin_out          ;
; |test|bcdwiki:inst|bcd~0        ; |test|bcdwiki:inst|bcd~0        ; out              ;
; |test|bcdwiki:inst|bcd~1        ; |test|bcdwiki:inst|bcd~1        ; out              ;
; |test|bcdwiki:inst|bcd~2        ; |test|bcdwiki:inst|bcd~2        ; out              ;
; |test|bcdwiki:inst|bcd~3        ; |test|bcdwiki:inst|bcd~3        ; out              ;
; |test|bcdwiki:inst|bcd~4        ; |test|bcdwiki:inst|bcd~4        ; out              ;
; |test|bcdwiki:inst|bcd~5        ; |test|bcdwiki:inst|bcd~5        ; out              ;
; |test|bcdwiki:inst|bcd~6        ; |test|bcdwiki:inst|bcd~6        ; out              ;
; |test|bcdwiki:inst|bcd~7        ; |test|bcdwiki:inst|bcd~7        ; out              ;
; |test|bcdwiki:inst|bcd~8        ; |test|bcdwiki:inst|bcd~8        ; out              ;
; |test|bcdwiki:inst|bcd~9        ; |test|bcdwiki:inst|bcd~9        ; out              ;
; |test|bcdwiki:inst|bcd~10       ; |test|bcdwiki:inst|bcd~10       ; out              ;
; |test|bcdwiki:inst|bcd~11       ; |test|bcdwiki:inst|bcd~11       ; out              ;
; |test|bcdwiki:inst|bcd~12       ; |test|bcdwiki:inst|bcd~12       ; out              ;
; |test|bcdwiki:inst|bcd~13       ; |test|bcdwiki:inst|bcd~13       ; out              ;
; |test|bcdwiki:inst|bcd~14       ; |test|bcdwiki:inst|bcd~14       ; out              ;
; |test|bcdwiki:inst|bcd~15       ; |test|bcdwiki:inst|bcd~15       ; out              ;
; |test|bcdwiki:inst|bcd~16       ; |test|bcdwiki:inst|bcd~16       ; out              ;
; |test|bcdwiki:inst|bcd~17       ; |test|bcdwiki:inst|bcd~17       ; out              ;
; |test|bcdwiki:inst|bcd~18       ; |test|bcdwiki:inst|bcd~18       ; out              ;
; |test|bcdwiki:inst|bcd~19       ; |test|bcdwiki:inst|bcd~19       ; out              ;
; |test|bcdwiki:inst|bcd~20       ; |test|bcdwiki:inst|bcd~20       ; out              ;
; |test|bcdwiki:inst|bcd~21       ; |test|bcdwiki:inst|bcd~21       ; out              ;
; |test|bcdwiki:inst|bcd~22       ; |test|bcdwiki:inst|bcd~22       ; out              ;
; |test|bcdwiki:inst|bcd~23       ; |test|bcdwiki:inst|bcd~23       ; out              ;
; |test|bcdwiki:inst|bcd~24       ; |test|bcdwiki:inst|bcd~24       ; out              ;
; |test|bcdwiki:inst|bcd~25       ; |test|bcdwiki:inst|bcd~25       ; out              ;
; |test|bcdwiki:inst|bcd~26       ; |test|bcdwiki:inst|bcd~26       ; out              ;
; |test|bcdwiki:inst|bcd~27       ; |test|bcdwiki:inst|bcd~27       ; out              ;
; |test|bcdwiki:inst|bcd~28       ; |test|bcdwiki:inst|bcd~28       ; out              ;
; |test|bcdwiki:inst|bcd~29       ; |test|bcdwiki:inst|bcd~29       ; out              ;
; |test|bcdwiki:inst|bcd~30       ; |test|bcdwiki:inst|bcd~30       ; out              ;
; |test|bcdwiki:inst|bcd~31       ; |test|bcdwiki:inst|bcd~31       ; out              ;
; |test|bcdwiki:inst|bcd~32       ; |test|bcdwiki:inst|bcd~32       ; out              ;
; |test|bcdwiki:inst|bcd~33       ; |test|bcdwiki:inst|bcd~33       ; out              ;
; |test|bcdwiki:inst|bcd~34       ; |test|bcdwiki:inst|bcd~34       ; out              ;
; |test|bcdwiki:inst|bcd~35       ; |test|bcdwiki:inst|bcd~35       ; out              ;
; |test|bcdwiki:inst|tens[0]      ; |test|bcdwiki:inst|tens[0]      ; out              ;
; |test|bcdwiki:inst|ones[3]      ; |test|bcdwiki:inst|ones[3]      ; out              ;
; |test|bcdwiki:inst|ones[2]      ; |test|bcdwiki:inst|ones[2]      ; out              ;
; |test|bcdwiki:inst|ones[1]      ; |test|bcdwiki:inst|ones[1]      ; out              ;
; |test|bcdwiki:inst|hundreds[0]  ; |test|bcdwiki:inst|hundreds[0]  ; out              ;
; |test|bcdwiki:inst|tens[3]      ; |test|bcdwiki:inst|tens[3]      ; out              ;
; |test|bcdwiki:inst|tens[2]      ; |test|bcdwiki:inst|tens[2]      ; out              ;
; |test|bcdwiki:inst|tens[1]      ; |test|bcdwiki:inst|tens[1]      ; out              ;
; |test|bcdwiki:inst|hundreds[3]  ; |test|bcdwiki:inst|hundreds[3]  ; out              ;
; |test|bcdwiki:inst|hundreds[2]  ; |test|bcdwiki:inst|hundreds[2]  ; out              ;
; |test|bcdwiki:inst|hundreds[1]  ; |test|bcdwiki:inst|hundreds[1]  ; out              ;
; |test|bcdwiki:inst|LessThan0~0  ; |test|bcdwiki:inst|LessThan0~0  ; out0             ;
; |test|bcdwiki:inst|LessThan0~1  ; |test|bcdwiki:inst|LessThan0~1  ; out0             ;
; |test|bcdwiki:inst|LessThan0~2  ; |test|bcdwiki:inst|LessThan0~2  ; out0             ;
; |test|bcdwiki:inst|LessThan1~0  ; |test|bcdwiki:inst|LessThan1~0  ; out0             ;
; |test|bcdwiki:inst|LessThan1~1  ; |test|bcdwiki:inst|LessThan1~1  ; out0             ;
; |test|bcdwiki:inst|LessThan1~2  ; |test|bcdwiki:inst|LessThan1~2  ; out0             ;
; |test|bcdwiki:inst|LessThan1~3  ; |test|bcdwiki:inst|LessThan1~3  ; out0             ;
; |test|bcdwiki:inst|LessThan1~4  ; |test|bcdwiki:inst|LessThan1~4  ; out0             ;
; |test|bcdwiki:inst|LessThan2~0  ; |test|bcdwiki:inst|LessThan2~0  ; out0             ;
; |test|bcdwiki:inst|LessThan2~1  ; |test|bcdwiki:inst|LessThan2~1  ; out0             ;
; |test|bcdwiki:inst|LessThan2~2  ; |test|bcdwiki:inst|LessThan2~2  ; out0             ;
; |test|bcdwiki:inst|LessThan2~3  ; |test|bcdwiki:inst|LessThan2~3  ; out0             ;
; |test|bcdwiki:inst|LessThan2~4  ; |test|bcdwiki:inst|LessThan2~4  ; out0             ;
; |test|bcdwiki:inst|LessThan3~0  ; |test|bcdwiki:inst|LessThan3~0  ; out0             ;
; |test|bcdwiki:inst|LessThan3~1  ; |test|bcdwiki:inst|LessThan3~1  ; out0             ;
; |test|bcdwiki:inst|LessThan3~2  ; |test|bcdwiki:inst|LessThan3~2  ; out0             ;
; |test|bcdwiki:inst|LessThan3~3  ; |test|bcdwiki:inst|LessThan3~3  ; out0             ;
; |test|bcdwiki:inst|LessThan3~4  ; |test|bcdwiki:inst|LessThan3~4  ; out0             ;
; |test|bcdwiki:inst|LessThan4~0  ; |test|bcdwiki:inst|LessThan4~0  ; out0             ;
; |test|bcdwiki:inst|LessThan4~1  ; |test|bcdwiki:inst|LessThan4~1  ; out0             ;
; |test|bcdwiki:inst|LessThan4~2  ; |test|bcdwiki:inst|LessThan4~2  ; out0             ;
; |test|bcdwiki:inst|LessThan5~0  ; |test|bcdwiki:inst|LessThan5~0  ; out0             ;
; |test|bcdwiki:inst|LessThan5~1  ; |test|bcdwiki:inst|LessThan5~1  ; out0             ;
; |test|bcdwiki:inst|LessThan5~2  ; |test|bcdwiki:inst|LessThan5~2  ; out0             ;
; |test|bcdwiki:inst|LessThan5~3  ; |test|bcdwiki:inst|LessThan5~3  ; out0             ;
; |test|bcdwiki:inst|LessThan5~4  ; |test|bcdwiki:inst|LessThan5~4  ; out0             ;
; |test|bcdwiki:inst|LessThan6~0  ; |test|bcdwiki:inst|LessThan6~0  ; out0             ;
; |test|bcdwiki:inst|LessThan6~1  ; |test|bcdwiki:inst|LessThan6~1  ; out0             ;
; |test|bcdwiki:inst|LessThan6~2  ; |test|bcdwiki:inst|LessThan6~2  ; out0             ;
; |test|bcdwiki:inst|LessThan6~3  ; |test|bcdwiki:inst|LessThan6~3  ; out0             ;
; |test|bcdwiki:inst|LessThan6~4  ; |test|bcdwiki:inst|LessThan6~4  ; out0             ;
; |test|bcdwiki:inst|LessThan7~0  ; |test|bcdwiki:inst|LessThan7~0  ; out0             ;
; |test|bcdwiki:inst|LessThan7~1  ; |test|bcdwiki:inst|LessThan7~1  ; out0             ;
; |test|bcdwiki:inst|LessThan7~2  ; |test|bcdwiki:inst|LessThan7~2  ; out0             ;
; |test|bcdwiki:inst|LessThan7~3  ; |test|bcdwiki:inst|LessThan7~3  ; out0             ;
; |test|bcdwiki:inst|LessThan7~4  ; |test|bcdwiki:inst|LessThan7~4  ; out0             ;
; |test|bcdwiki:inst|LessThan8~0  ; |test|bcdwiki:inst|LessThan8~0  ; out0             ;
; |test|bcdwiki:inst|LessThan8~1  ; |test|bcdwiki:inst|LessThan8~1  ; out0             ;
; |test|bcdwiki:inst|LessThan8~2  ; |test|bcdwiki:inst|LessThan8~2  ; out0             ;
; |test|bcdwiki:inst|LessThan8~3  ; |test|bcdwiki:inst|LessThan8~3  ; out0             ;
; |test|bcdwiki:inst|LessThan8~4  ; |test|bcdwiki:inst|LessThan8~4  ; out0             ;
; |test|bcdwiki:inst|LessThan9~0  ; |test|bcdwiki:inst|LessThan9~0  ; out0             ;
; |test|bcdwiki:inst|LessThan9~1  ; |test|bcdwiki:inst|LessThan9~1  ; out0             ;
; |test|bcdwiki:inst|LessThan9~2  ; |test|bcdwiki:inst|LessThan9~2  ; out0             ;
; |test|bcdwiki:inst|LessThan9~3  ; |test|bcdwiki:inst|LessThan9~3  ; out0             ;
; |test|bcdwiki:inst|LessThan9~4  ; |test|bcdwiki:inst|LessThan9~4  ; out0             ;
; |test|bcdwiki:inst|LessThan10~0 ; |test|bcdwiki:inst|LessThan10~0 ; out0             ;
; |test|bcdwiki:inst|LessThan10~1 ; |test|bcdwiki:inst|LessThan10~1 ; out0             ;
; |test|bcdwiki:inst|LessThan10~2 ; |test|bcdwiki:inst|LessThan10~2 ; out0             ;
; |test|bcdwiki:inst|LessThan10~3 ; |test|bcdwiki:inst|LessThan10~3 ; out0             ;
; |test|bcdwiki:inst|LessThan10~4 ; |test|bcdwiki:inst|LessThan10~4 ; out0             ;
; |test|bcdwiki:inst|LessThan11~0 ; |test|bcdwiki:inst|LessThan11~0 ; out0             ;
; |test|bcdwiki:inst|LessThan11~1 ; |test|bcdwiki:inst|LessThan11~1 ; out0             ;
; |test|bcdwiki:inst|LessThan11~2 ; |test|bcdwiki:inst|LessThan11~2 ; out0             ;
; |test|bcdwiki:inst|Add0~0       ; |test|bcdwiki:inst|Add0~0       ; out0             ;
; |test|bcdwiki:inst|Add0~1       ; |test|bcdwiki:inst|Add0~1       ; out0             ;
; |test|bcdwiki:inst|Add0~2       ; |test|bcdwiki:inst|Add0~2       ; out0             ;
; |test|bcdwiki:inst|Add0~3       ; |test|bcdwiki:inst|Add0~3       ; out0             ;
; |test|bcdwiki:inst|Add0~4       ; |test|bcdwiki:inst|Add0~4       ; out0             ;
; |test|bcdwiki:inst|Add1~0       ; |test|bcdwiki:inst|Add1~0       ; out0             ;
; |test|bcdwiki:inst|Add1~1       ; |test|bcdwiki:inst|Add1~1       ; out0             ;
; |test|bcdwiki:inst|Add1~2       ; |test|bcdwiki:inst|Add1~2       ; out0             ;
; |test|bcdwiki:inst|Add1~3       ; |test|bcdwiki:inst|Add1~3       ; out0             ;
; |test|bcdwiki:inst|Add1~4       ; |test|bcdwiki:inst|Add1~4       ; out0             ;
; |test|bcdwiki:inst|Add1~5       ; |test|bcdwiki:inst|Add1~5       ; out0             ;
; |test|bcdwiki:inst|Add2~0       ; |test|bcdwiki:inst|Add2~0       ; out0             ;
; |test|bcdwiki:inst|Add2~1       ; |test|bcdwiki:inst|Add2~1       ; out0             ;
; |test|bcdwiki:inst|Add2~2       ; |test|bcdwiki:inst|Add2~2       ; out0             ;
; |test|bcdwiki:inst|Add2~3       ; |test|bcdwiki:inst|Add2~3       ; out0             ;
; |test|bcdwiki:inst|Add2~4       ; |test|bcdwiki:inst|Add2~4       ; out0             ;
; |test|bcdwiki:inst|Add2~5       ; |test|bcdwiki:inst|Add2~5       ; out0             ;
; |test|bcdwiki:inst|Add3~0       ; |test|bcdwiki:inst|Add3~0       ; out0             ;
; |test|bcdwiki:inst|Add3~1       ; |test|bcdwiki:inst|Add3~1       ; out0             ;
; |test|bcdwiki:inst|Add3~2       ; |test|bcdwiki:inst|Add3~2       ; out0             ;
; |test|bcdwiki:inst|Add3~3       ; |test|bcdwiki:inst|Add3~3       ; out0             ;
; |test|bcdwiki:inst|Add3~4       ; |test|bcdwiki:inst|Add3~4       ; out0             ;
; |test|bcdwiki:inst|Add3~5       ; |test|bcdwiki:inst|Add3~5       ; out0             ;
; |test|bcdwiki:inst|Add4~0       ; |test|bcdwiki:inst|Add4~0       ; out0             ;
; |test|bcdwiki:inst|Add4~1       ; |test|bcdwiki:inst|Add4~1       ; out0             ;
; |test|bcdwiki:inst|Add4~2       ; |test|bcdwiki:inst|Add4~2       ; out0             ;
; |test|bcdwiki:inst|Add4~3       ; |test|bcdwiki:inst|Add4~3       ; out0             ;
; |test|bcdwiki:inst|Add4~4       ; |test|bcdwiki:inst|Add4~4       ; out0             ;
; |test|bcdwiki:inst|Add5~0       ; |test|bcdwiki:inst|Add5~0       ; out0             ;
; |test|bcdwiki:inst|Add5~1       ; |test|bcdwiki:inst|Add5~1       ; out0             ;
; |test|bcdwiki:inst|Add5~2       ; |test|bcdwiki:inst|Add5~2       ; out0             ;
; |test|bcdwiki:inst|Add5~3       ; |test|bcdwiki:inst|Add5~3       ; out0             ;
; |test|bcdwiki:inst|Add5~4       ; |test|bcdwiki:inst|Add5~4       ; out0             ;
; |test|bcdwiki:inst|Add5~5       ; |test|bcdwiki:inst|Add5~5       ; out0             ;
; |test|bcdwiki:inst|Add6~0       ; |test|bcdwiki:inst|Add6~0       ; out0             ;
; |test|bcdwiki:inst|Add6~1       ; |test|bcdwiki:inst|Add6~1       ; out0             ;
; |test|bcdwiki:inst|Add6~2       ; |test|bcdwiki:inst|Add6~2       ; out0             ;
; |test|bcdwiki:inst|Add6~3       ; |test|bcdwiki:inst|Add6~3       ; out0             ;
; |test|bcdwiki:inst|Add6~4       ; |test|bcdwiki:inst|Add6~4       ; out0             ;
; |test|bcdwiki:inst|Add6~5       ; |test|bcdwiki:inst|Add6~5       ; out0             ;
; |test|bcdwiki:inst|Add7~0       ; |test|bcdwiki:inst|Add7~0       ; out0             ;
; |test|bcdwiki:inst|Add7~1       ; |test|bcdwiki:inst|Add7~1       ; out0             ;
; |test|bcdwiki:inst|Add7~2       ; |test|bcdwiki:inst|Add7~2       ; out0             ;
; |test|bcdwiki:inst|Add7~3       ; |test|bcdwiki:inst|Add7~3       ; out0             ;
; |test|bcdwiki:inst|Add7~4       ; |test|bcdwiki:inst|Add7~4       ; out0             ;
; |test|bcdwiki:inst|Add7~5       ; |test|bcdwiki:inst|Add7~5       ; out0             ;
; |test|bcdwiki:inst|Add8~0       ; |test|bcdwiki:inst|Add8~0       ; out0             ;
; |test|bcdwiki:inst|Add8~1       ; |test|bcdwiki:inst|Add8~1       ; out0             ;
; |test|bcdwiki:inst|Add8~2       ; |test|bcdwiki:inst|Add8~2       ; out0             ;
; |test|bcdwiki:inst|Add8~3       ; |test|bcdwiki:inst|Add8~3       ; out0             ;
; |test|bcdwiki:inst|Add8~4       ; |test|bcdwiki:inst|Add8~4       ; out0             ;
; |test|bcdwiki:inst|Add8~5       ; |test|bcdwiki:inst|Add8~5       ; out0             ;
; |test|bcdwiki:inst|Add9~0       ; |test|bcdwiki:inst|Add9~0       ; out0             ;
; |test|bcdwiki:inst|Add9~1       ; |test|bcdwiki:inst|Add9~1       ; out0             ;
; |test|bcdwiki:inst|Add9~2       ; |test|bcdwiki:inst|Add9~2       ; out0             ;
; |test|bcdwiki:inst|Add9~3       ; |test|bcdwiki:inst|Add9~3       ; out0             ;
; |test|bcdwiki:inst|Add9~4       ; |test|bcdwiki:inst|Add9~4       ; out0             ;
; |test|bcdwiki:inst|Add9~5       ; |test|bcdwiki:inst|Add9~5       ; out0             ;
; |test|bcdwiki:inst|Add10~0      ; |test|bcdwiki:inst|Add10~0      ; out0             ;
; |test|bcdwiki:inst|Add10~1      ; |test|bcdwiki:inst|Add10~1      ; out0             ;
; |test|bcdwiki:inst|Add10~2      ; |test|bcdwiki:inst|Add10~2      ; out0             ;
; |test|bcdwiki:inst|Add10~3      ; |test|bcdwiki:inst|Add10~3      ; out0             ;
; |test|bcdwiki:inst|Add10~4      ; |test|bcdwiki:inst|Add10~4      ; out0             ;
; |test|bcdwiki:inst|Add10~5      ; |test|bcdwiki:inst|Add10~5      ; out0             ;
; |test|bcdwiki:inst|Add11~0      ; |test|bcdwiki:inst|Add11~0      ; out0             ;
; |test|bcdwiki:inst|Add11~1      ; |test|bcdwiki:inst|Add11~1      ; out0             ;
; |test|bcdwiki:inst|Add11~2      ; |test|bcdwiki:inst|Add11~2      ; out0             ;
; |test|bcdwiki:inst|Add11~3      ; |test|bcdwiki:inst|Add11~3      ; out0             ;
+---------------------------------+---------------------------------+------------------+


The following table displays output ports that do not toggle to 0 during simulation.
+--------------------------------------------------------------------------------------+
; Missing 0-Value Coverage                                                             ;
+---------------------------------+---------------------------------+------------------+
; Node Name                       ; Output Port Name                ; Output Port Type ;
+---------------------------------+---------------------------------+------------------+
; |test|h[3]                      ; |test|h[3]                      ; pin_out          ;
; |test|h[2]                      ; |test|h[2]                      ; pin_out          ;
; |test|h[1]                      ; |test|h[1]                      ; pin_out          ;
; |test|h[0]                      ; |test|h[0]                      ; pin_out          ;
; |test|count[9]                  ; |test|count[9]                  ; out              ;
; |test|count[8]                  ; |test|count[8]                  ; out              ;
; |test|count[7]                  ; |test|count[7]                  ; out              ;
; |test|count[6]                  ; |test|count[6]                  ; out              ;
; |test|count[5]                  ; |test|count[5]                  ; out              ;
; |test|count[4]                  ; |test|count[4]                  ; out              ;
; |test|count[3]                  ; |test|count[3]                  ; out              ;
; |test|count[2]                  ; |test|count[2]                  ; out              ;
; |test|count[1]                  ; |test|count[1]                  ; out              ;
; |test|count[0]                  ; |test|count[0]                  ; out              ;
; |test|o[3]                      ; |test|o[3]                      ; pin_out          ;
; |test|o[2]                      ; |test|o[2]                      ; pin_out          ;
; |test|o[1]                      ; |test|o[1]                      ; pin_out          ;
; |test|o[0]                      ; |test|o[0]                      ; pin_out          ;
; |test|t[3]                      ; |test|t[3]                      ; pin_out          ;
; |test|t[2]                      ; |test|t[2]                      ; pin_out          ;
; |test|t[1]                      ; |test|t[1]                      ; pin_out          ;
; |test|t[0]                      ; |test|t[0]                      ; pin_out          ;
; |test|bcdwiki:inst|bcd~0        ; |test|bcdwiki:inst|bcd~0        ; out              ;
; |test|bcdwiki:inst|bcd~1        ; |test|bcdwiki:inst|bcd~1        ; out              ;
; |test|bcdwiki:inst|bcd~2        ; |test|bcdwiki:inst|bcd~2        ; out              ;
; |test|bcdwiki:inst|bcd~3        ; |test|bcdwiki:inst|bcd~3        ; out              ;
; |test|bcdwiki:inst|bcd~4        ; |test|bcdwiki:inst|bcd~4        ; out              ;
; |test|bcdwiki:inst|bcd~5        ; |test|bcdwiki:inst|bcd~5        ; out              ;
; |test|bcdwiki:inst|bcd~6        ; |test|bcdwiki:inst|bcd~6        ; out              ;
; |test|bcdwiki:inst|bcd~7        ; |test|bcdwiki:inst|bcd~7        ; out              ;
; |test|bcdwiki:inst|bcd~8        ; |test|bcdwiki:inst|bcd~8        ; out              ;
; |test|bcdwiki:inst|bcd~9        ; |test|bcdwiki:inst|bcd~9        ; out              ;
; |test|bcdwiki:inst|bcd~10       ; |test|bcdwiki:inst|bcd~10       ; out              ;
; |test|bcdwiki:inst|bcd~11       ; |test|bcdwiki:inst|bcd~11       ; out              ;
; |test|bcdwiki:inst|bcd~12       ; |test|bcdwiki:inst|bcd~12       ; out              ;
; |test|bcdwiki:inst|bcd~13       ; |test|bcdwiki:inst|bcd~13       ; out              ;
; |test|bcdwiki:inst|bcd~14       ; |test|bcdwiki:inst|bcd~14       ; out              ;
; |test|bcdwiki:inst|bcd~15       ; |test|bcdwiki:inst|bcd~15       ; out              ;
; |test|bcdwiki:inst|bcd~16       ; |test|bcdwiki:inst|bcd~16       ; out              ;
; |test|bcdwiki:inst|bcd~17       ; |test|bcdwiki:inst|bcd~17       ; out              ;
; |test|bcdwiki:inst|bcd~18       ; |test|bcdwiki:inst|bcd~18       ; out              ;
; |test|bcdwiki:inst|bcd~19       ; |test|bcdwiki:inst|bcd~19       ; out              ;
; |test|bcdwiki:inst|bcd~20       ; |test|bcdwiki:inst|bcd~20       ; out              ;
; |test|bcdwiki:inst|bcd~21       ; |test|bcdwiki:inst|bcd~21       ; out              ;
; |test|bcdwiki:inst|bcd~22       ; |test|bcdwiki:inst|bcd~22       ; out              ;
; |test|bcdwiki:inst|bcd~23       ; |test|bcdwiki:inst|bcd~23       ; out              ;
; |test|bcdwiki:inst|bcd~24       ; |test|bcdwiki:inst|bcd~24       ; out              ;
; |test|bcdwiki:inst|bcd~25       ; |test|bcdwiki:inst|bcd~25       ; out              ;
; |test|bcdwiki:inst|bcd~26       ; |test|bcdwiki:inst|bcd~26       ; out              ;
; |test|bcdwiki:inst|bcd~27       ; |test|bcdwiki:inst|bcd~27       ; out              ;
; |test|bcdwiki:inst|bcd~28       ; |test|bcdwiki:inst|bcd~28       ; out              ;
; |test|bcdwiki:inst|bcd~29       ; |test|bcdwiki:inst|bcd~29       ; out              ;
; |test|bcdwiki:inst|bcd~30       ; |test|bcdwiki:inst|bcd~30       ; out              ;
; |test|bcdwiki:inst|bcd~31       ; |test|bcdwiki:inst|bcd~31       ; out              ;
; |test|bcdwiki:inst|bcd~32       ; |test|bcdwiki:inst|bcd~32       ; out              ;
; |test|bcdwiki:inst|bcd~33       ; |test|bcdwiki:inst|bcd~33       ; out              ;
; |test|bcdwiki:inst|bcd~34       ; |test|bcdwiki:inst|bcd~34       ; out              ;
; |test|bcdwiki:inst|bcd~35       ; |test|bcdwiki:inst|bcd~35       ; out              ;
; |test|bcdwiki:inst|tens[0]      ; |test|bcdwiki:inst|tens[0]      ; out              ;
; |test|bcdwiki:inst|ones[3]      ; |test|bcdwiki:inst|ones[3]      ; out              ;
; |test|bcdwiki:inst|ones[2]      ; |test|bcdwiki:inst|ones[2]      ; out              ;
; |test|bcdwiki:inst|ones[1]      ; |test|bcdwiki:inst|ones[1]      ; out              ;
; |test|bcdwiki:inst|hundreds[0]  ; |test|bcdwiki:inst|hundreds[0]  ; out              ;
; |test|bcdwiki:inst|tens[3]      ; |test|bcdwiki:inst|tens[3]      ; out              ;
; |test|bcdwiki:inst|tens[2]      ; |test|bcdwiki:inst|tens[2]      ; out              ;
; |test|bcdwiki:inst|tens[1]      ; |test|bcdwiki:inst|tens[1]      ; out              ;
; |test|bcdwiki:inst|hundreds[3]  ; |test|bcdwiki:inst|hundreds[3]  ; out              ;
; |test|bcdwiki:inst|hundreds[2]  ; |test|bcdwiki:inst|hundreds[2]  ; out              ;
; |test|bcdwiki:inst|hundreds[1]  ; |test|bcdwiki:inst|hundreds[1]  ; out              ;
; |test|bcdwiki:inst|LessThan0~0  ; |test|bcdwiki:inst|LessThan0~0  ; out0             ;
; |test|bcdwiki:inst|LessThan0~1  ; |test|bcdwiki:inst|LessThan0~1  ; out0             ;
; |test|bcdwiki:inst|LessThan0~2  ; |test|bcdwiki:inst|LessThan0~2  ; out0             ;
; |test|bcdwiki:inst|LessThan1~0  ; |test|bcdwiki:inst|LessThan1~0  ; out0             ;
; |test|bcdwiki:inst|LessThan1~1  ; |test|bcdwiki:inst|LessThan1~1  ; out0             ;
; |test|bcdwiki:inst|LessThan1~2  ; |test|bcdwiki:inst|LessThan1~2  ; out0             ;
; |test|bcdwiki:inst|LessThan1~3  ; |test|bcdwiki:inst|LessThan1~3  ; out0             ;
; |test|bcdwiki:inst|LessThan1~4  ; |test|bcdwiki:inst|LessThan1~4  ; out0             ;
; |test|bcdwiki:inst|LessThan2~0  ; |test|bcdwiki:inst|LessThan2~0  ; out0             ;
; |test|bcdwiki:inst|LessThan2~1  ; |test|bcdwiki:inst|LessThan2~1  ; out0             ;
; |test|bcdwiki:inst|LessThan2~2  ; |test|bcdwiki:inst|LessThan2~2  ; out0             ;
; |test|bcdwiki:inst|LessThan2~3  ; |test|bcdwiki:inst|LessThan2~3  ; out0             ;
; |test|bcdwiki:inst|LessThan2~4  ; |test|bcdwiki:inst|LessThan2~4  ; out0             ;
; |test|bcdwiki:inst|LessThan3~0  ; |test|bcdwiki:inst|LessThan3~0  ; out0             ;
; |test|bcdwiki:inst|LessThan3~1  ; |test|bcdwiki:inst|LessThan3~1  ; out0             ;
; |test|bcdwiki:inst|LessThan3~2  ; |test|bcdwiki:inst|LessThan3~2  ; out0             ;
; |test|bcdwiki:inst|LessThan3~3  ; |test|bcdwiki:inst|LessThan3~3  ; out0             ;
; |test|bcdwiki:inst|LessThan3~4  ; |test|bcdwiki:inst|LessThan3~4  ; out0             ;
; |test|bcdwiki:inst|LessThan4~0  ; |test|bcdwiki:inst|LessThan4~0  ; out0             ;
; |test|bcdwiki:inst|LessThan4~1  ; |test|bcdwiki:inst|LessThan4~1  ; out0             ;
; |test|bcdwiki:inst|LessThan4~2  ; |test|bcdwiki:inst|LessThan4~2  ; out0             ;
; |test|bcdwiki:inst|LessThan5~0  ; |test|bcdwiki:inst|LessThan5~0  ; out0             ;
; |test|bcdwiki:inst|LessThan5~1  ; |test|bcdwiki:inst|LessThan5~1  ; out0             ;
; |test|bcdwiki:inst|LessThan5~2  ; |test|bcdwiki:inst|LessThan5~2  ; out0             ;
; |test|bcdwiki:inst|LessThan5~3  ; |test|bcdwiki:inst|LessThan5~3  ; out0             ;
; |test|bcdwiki:inst|LessThan5~4  ; |test|bcdwiki:inst|LessThan5~4  ; out0             ;
; |test|bcdwiki:inst|LessThan6~0  ; |test|bcdwiki:inst|LessThan6~0  ; out0             ;
; |test|bcdwiki:inst|LessThan6~1  ; |test|bcdwiki:inst|LessThan6~1  ; out0             ;
; |test|bcdwiki:inst|LessThan6~2  ; |test|bcdwiki:inst|LessThan6~2  ; out0             ;
; |test|bcdwiki:inst|LessThan6~3  ; |test|bcdwiki:inst|LessThan6~3  ; out0             ;
; |test|bcdwiki:inst|LessThan6~4  ; |test|bcdwiki:inst|LessThan6~4  ; out0             ;
; |test|bcdwiki:inst|LessThan7~0  ; |test|bcdwiki:inst|LessThan7~0  ; out0             ;
; |test|bcdwiki:inst|LessThan7~1  ; |test|bcdwiki:inst|LessThan7~1  ; out0             ;
; |test|bcdwiki:inst|LessThan7~2  ; |test|bcdwiki:inst|LessThan7~2  ; out0             ;
; |test|bcdwiki:inst|LessThan7~3  ; |test|bcdwiki:inst|LessThan7~3  ; out0             ;
; |test|bcdwiki:inst|LessThan7~4  ; |test|bcdwiki:inst|LessThan7~4  ; out0             ;
; |test|bcdwiki:inst|LessThan8~0  ; |test|bcdwiki:inst|LessThan8~0  ; out0             ;
; |test|bcdwiki:inst|LessThan8~1  ; |test|bcdwiki:inst|LessThan8~1  ; out0             ;
; |test|bcdwiki:inst|LessThan8~2  ; |test|bcdwiki:inst|LessThan8~2  ; out0             ;
; |test|bcdwiki:inst|LessThan8~3  ; |test|bcdwiki:inst|LessThan8~3  ; out0             ;
; |test|bcdwiki:inst|LessThan8~4  ; |test|bcdwiki:inst|LessThan8~4  ; out0             ;
; |test|bcdwiki:inst|LessThan9~0  ; |test|bcdwiki:inst|LessThan9~0  ; out0             ;
; |test|bcdwiki:inst|LessThan9~1  ; |test|bcdwiki:inst|LessThan9~1  ; out0             ;
; |test|bcdwiki:inst|LessThan9~2  ; |test|bcdwiki:inst|LessThan9~2  ; out0             ;
; |test|bcdwiki:inst|LessThan9~3  ; |test|bcdwiki:inst|LessThan9~3  ; out0             ;
; |test|bcdwiki:inst|LessThan9~4  ; |test|bcdwiki:inst|LessThan9~4  ; out0             ;
; |test|bcdwiki:inst|LessThan10~0 ; |test|bcdwiki:inst|LessThan10~0 ; out0             ;
; |test|bcdwiki:inst|LessThan10~1 ; |test|bcdwiki:inst|LessThan10~1 ; out0             ;
; |test|bcdwiki:inst|LessThan10~2 ; |test|bcdwiki:inst|LessThan10~2 ; out0             ;
; |test|bcdwiki:inst|LessThan10~3 ; |test|bcdwiki:inst|LessThan10~3 ; out0             ;
; |test|bcdwiki:inst|LessThan10~4 ; |test|bcdwiki:inst|LessThan10~4 ; out0             ;
; |test|bcdwiki:inst|LessThan11~0 ; |test|bcdwiki:inst|LessThan11~0 ; out0             ;
; |test|bcdwiki:inst|LessThan11~1 ; |test|bcdwiki:inst|LessThan11~1 ; out0             ;
; |test|bcdwiki:inst|LessThan11~2 ; |test|bcdwiki:inst|LessThan11~2 ; out0             ;
; |test|bcdwiki:inst|Add0~0       ; |test|bcdwiki:inst|Add0~0       ; out0             ;
; |test|bcdwiki:inst|Add0~1       ; |test|bcdwiki:inst|Add0~1       ; out0             ;
; |test|bcdwiki:inst|Add0~2       ; |test|bcdwiki:inst|Add0~2       ; out0             ;
; |test|bcdwiki:inst|Add0~3       ; |test|bcdwiki:inst|Add0~3       ; out0             ;
; |test|bcdwiki:inst|Add0~4       ; |test|bcdwiki:inst|Add0~4       ; out0             ;
; |test|bcdwiki:inst|Add1~0       ; |test|bcdwiki:inst|Add1~0       ; out0             ;
; |test|bcdwiki:inst|Add1~1       ; |test|bcdwiki:inst|Add1~1       ; out0             ;
; |test|bcdwiki:inst|Add1~2       ; |test|bcdwiki:inst|Add1~2       ; out0             ;
; |test|bcdwiki:inst|Add1~3       ; |test|bcdwiki:inst|Add1~3       ; out0             ;
; |test|bcdwiki:inst|Add1~4       ; |test|bcdwiki:inst|Add1~4       ; out0             ;
; |test|bcdwiki:inst|Add1~5       ; |test|bcdwiki:inst|Add1~5       ; out0             ;
; |test|bcdwiki:inst|Add2~0       ; |test|bcdwiki:inst|Add2~0       ; out0             ;
; |test|bcdwiki:inst|Add2~1       ; |test|bcdwiki:inst|Add2~1       ; out0             ;
; |test|bcdwiki:inst|Add2~2       ; |test|bcdwiki:inst|Add2~2       ; out0             ;
; |test|bcdwiki:inst|Add2~3       ; |test|bcdwiki:inst|Add2~3       ; out0             ;
; |test|bcdwiki:inst|Add2~4       ; |test|bcdwiki:inst|Add2~4       ; out0             ;
; |test|bcdwiki:inst|Add2~5       ; |test|bcdwiki:inst|Add2~5       ; out0             ;
; |test|bcdwiki:inst|Add3~0       ; |test|bcdwiki:inst|Add3~0       ; out0             ;
; |test|bcdwiki:inst|Add3~1       ; |test|bcdwiki:inst|Add3~1       ; out0             ;
; |test|bcdwiki:inst|Add3~2       ; |test|bcdwiki:inst|Add3~2       ; out0             ;
; |test|bcdwiki:inst|Add3~3       ; |test|bcdwiki:inst|Add3~3       ; out0             ;
; |test|bcdwiki:inst|Add3~4       ; |test|bcdwiki:inst|Add3~4       ; out0             ;
; |test|bcdwiki:inst|Add3~5       ; |test|bcdwiki:inst|Add3~5       ; out0             ;
; |test|bcdwiki:inst|Add4~0       ; |test|bcdwiki:inst|Add4~0       ; out0             ;
; |test|bcdwiki:inst|Add4~1       ; |test|bcdwiki:inst|Add4~1       ; out0             ;
; |test|bcdwiki:inst|Add4~2       ; |test|bcdwiki:inst|Add4~2       ; out0             ;
; |test|bcdwiki:inst|Add4~3       ; |test|bcdwiki:inst|Add4~3       ; out0             ;
; |test|bcdwiki:inst|Add4~4       ; |test|bcdwiki:inst|Add4~4       ; out0             ;
; |test|bcdwiki:inst|Add5~0       ; |test|bcdwiki:inst|Add5~0       ; out0             ;
; |test|bcdwiki:inst|Add5~1       ; |test|bcdwiki:inst|Add5~1       ; out0             ;
; |test|bcdwiki:inst|Add5~2       ; |test|bcdwiki:inst|Add5~2       ; out0             ;
; |test|bcdwiki:inst|Add5~3       ; |test|bcdwiki:inst|Add5~3       ; out0             ;
; |test|bcdwiki:inst|Add5~4       ; |test|bcdwiki:inst|Add5~4       ; out0             ;
; |test|bcdwiki:inst|Add5~5       ; |test|bcdwiki:inst|Add5~5       ; out0             ;
; |test|bcdwiki:inst|Add6~0       ; |test|bcdwiki:inst|Add6~0       ; out0             ;
; |test|bcdwiki:inst|Add6~1       ; |test|bcdwiki:inst|Add6~1       ; out0             ;
; |test|bcdwiki:inst|Add6~2       ; |test|bcdwiki:inst|Add6~2       ; out0             ;
; |test|bcdwiki:inst|Add6~3       ; |test|bcdwiki:inst|Add6~3       ; out0             ;
; |test|bcdwiki:inst|Add6~4       ; |test|bcdwiki:inst|Add6~4       ; out0             ;
; |test|bcdwiki:inst|Add6~5       ; |test|bcdwiki:inst|Add6~5       ; out0             ;
; |test|bcdwiki:inst|Add7~0       ; |test|bcdwiki:inst|Add7~0       ; out0             ;
; |test|bcdwiki:inst|Add7~1       ; |test|bcdwiki:inst|Add7~1       ; out0             ;
; |test|bcdwiki:inst|Add7~2       ; |test|bcdwiki:inst|Add7~2       ; out0             ;
; |test|bcdwiki:inst|Add7~3       ; |test|bcdwiki:inst|Add7~3       ; out0             ;
; |test|bcdwiki:inst|Add7~4       ; |test|bcdwiki:inst|Add7~4       ; out0             ;
; |test|bcdwiki:inst|Add7~5       ; |test|bcdwiki:inst|Add7~5       ; out0             ;
; |test|bcdwiki:inst|Add8~0       ; |test|bcdwiki:inst|Add8~0       ; out0             ;
; |test|bcdwiki:inst|Add8~1       ; |test|bcdwiki:inst|Add8~1       ; out0             ;
; |test|bcdwiki:inst|Add8~2       ; |test|bcdwiki:inst|Add8~2       ; out0             ;
; |test|bcdwiki:inst|Add8~3       ; |test|bcdwiki:inst|Add8~3       ; out0             ;
; |test|bcdwiki:inst|Add8~4       ; |test|bcdwiki:inst|Add8~4       ; out0             ;
; |test|bcdwiki:inst|Add8~5       ; |test|bcdwiki:inst|Add8~5       ; out0             ;
; |test|bcdwiki:inst|Add9~0       ; |test|bcdwiki:inst|Add9~0       ; out0             ;
; |test|bcdwiki:inst|Add9~1       ; |test|bcdwiki:inst|Add9~1       ; out0             ;
; |test|bcdwiki:inst|Add9~2       ; |test|bcdwiki:inst|Add9~2       ; out0             ;
; |test|bcdwiki:inst|Add9~3       ; |test|bcdwiki:inst|Add9~3       ; out0             ;
; |test|bcdwiki:inst|Add9~4       ; |test|bcdwiki:inst|Add9~4       ; out0             ;
; |test|bcdwiki:inst|Add9~5       ; |test|bcdwiki:inst|Add9~5       ; out0             ;
; |test|bcdwiki:inst|Add10~0      ; |test|bcdwiki:inst|Add10~0      ; out0             ;
; |test|bcdwiki:inst|Add10~1      ; |test|bcdwiki:inst|Add10~1      ; out0             ;
; |test|bcdwiki:inst|Add10~2      ; |test|bcdwiki:inst|Add10~2      ; out0             ;
; |test|bcdwiki:inst|Add10~3      ; |test|bcdwiki:inst|Add10~3      ; out0             ;
; |test|bcdwiki:inst|Add10~4      ; |test|bcdwiki:inst|Add10~4      ; out0             ;
; |test|bcdwiki:inst|Add10~5      ; |test|bcdwiki:inst|Add10~5      ; out0             ;
; |test|bcdwiki:inst|Add11~0      ; |test|bcdwiki:inst|Add11~0      ; out0             ;
; |test|bcdwiki:inst|Add11~1      ; |test|bcdwiki:inst|Add11~1      ; out0             ;
; |test|bcdwiki:inst|Add11~2      ; |test|bcdwiki:inst|Add11~2      ; out0             ;
; |test|bcdwiki:inst|Add11~3      ; |test|bcdwiki:inst|Add11~3      ; out0             ;
+---------------------------------+---------------------------------+------------------+


+---------------------+
; Simulator INI Usage ;
+--------+------------+
; Option ; Usage      ;
+--------+------------+


+--------------------+
; Simulator Messages ;
+--------------------+
Info: *******************************************************************
Info: Running Quartus II 64-Bit Simulator
    Info: Version 13.0.0 Build 156 04/24/2013 SJ Full Version
    Info: Processing started: Sat May 11 17:56:07 2019
Info: Command: quartus_sim --simulation_results_format=VWF FlappyBird -c FlappyBird
Info (324025): Using vector source file "D:/cs305_flappybird/output_files/Waveform.vwf"
Info (310003): Option to preserve fewer signal transitions to reduce memory requirements is enabled
    Info (310004): Simulation has been partitioned into sub-simulations according to the maximum transition count determined by the engine. Transitions from memory will be flushed out to disk at the end of each sub-simulation to reduce memory requirements.
Info (310002): Simulation partitioned into 1 sub-simulations
Info (328053): Simulation coverage is       0.00 %
Info (328052): Number of transitions in simulation is 0
Info (324045): Vector file FlappyBird.sim.vwf is saved in VWF text format. You can compress it into CVWF format in order to reduce file size. For more details please refer to the Quartus II Help.
Info: Quartus II 64-Bit Simulator was successful. 0 errors, 0 warnings
    Info: Peak virtual memory: 375 megabytes
    Info: Processing ended: Sat May 11 17:56:08 2019
    Info: Elapsed time: 00:00:01
    Info: Total CPU time (on all processors): 00:00:01


